<?xml version="1.0" encoding="UTF-8"?>
<testsuite xmlns:xsi="http://www.w3.org/2001/XMLSchema-instance" xsi:noNamespaceSchemaLocation="https://maven.apache.org/surefire/maven-surefire-plugin/xsd/surefire-test-report.xsd" version="3.0.2" name="com.sso.rediscache.RedisCacheApplicationTests" time="1.848" tests="1" errors="0" skipped="0" failures="0">
  <properties>
[...]
</properties>
  <testcase name="contextLoads" classname="com.sso.rediscache.RedisCacheApplicationTests" time="0.247">
    <system-out><![CDATA[15:31:03.764 [main] INFO org.springframework.test.context.support.AnnotationConfigContextLoaderUtils -- Could not detect default configuration classes for test class [com.sso.rediscache.RedisCacheApplicationTests]: RedisCacheApplicationTests does not declare any static, non-private, non-final, nested classes annotated with @Configuration.
15:31:03.802 [main] INFO org.springframework.boot.test.context.SpringBootTestContextBootstrapper -- Found @SpringBootConfiguration com.sso.rediscache.RedisCacheApplication for test class com.sso.rediscache.RedisCacheApplicationTests

  .   ____          _            __ _ _
 /\\ / ___'_ __ _ _(_)_ __  __ _ \ \ \ \
( ( )\___ | '_ | '_| | '_ \/ _` | \ \ \ \
 \\/  ___)| |_)| | | | | || (_| |  ) ) ) )
  '  |____| .__|_| |_|_| |_\__, | / / / /
 =========|_|==============|___/=/_/_/_/

 :: Spring Boot ::                (v3.5.0)

2025-06-08T15:31:03.950+03:00  INFO 91293 --- [rediscache] [           main] c.s.r.RedisCacheApplicationTests         : Starting RedisCacheApplicationTests using Java 21.0.7 with PID 91293 (started by selcuk.ozdemir in /Users/selcuk.ozdemir/Documents/workspaces/rediscache)
2025-06-08T15:31:03.950+03:00  INFO 91293 --- [rediscache] [           main] c.s.r.RedisCacheApplicationTests         : No active profile set, falling back to 1 default profile: "default"
2025-06-08T15:31:04.169+03:00  INFO 91293 --- [rediscache] [           main] .s.d.r.c.RepositoryConfigurationDelegate : Multiple Spring Data modules found, entering strict repository configuration mode
2025-06-08T15:31:04.170+03:00  INFO 91293 --- [rediscache] [           main] .s.d.r.c.RepositoryConfigurationDelegate : Bootstrapping Spring Data JPA repositories in DEFAULT mode.
2025-06-08T15:31:04.217+03:00  INFO 91293 --- [rediscache] [           main] .s.d.r.c.RepositoryConfigurationDelegate : Finished Spring Data repository scanning in 43 ms. Found 1 JPA repository interface.
2025-06-08T15:31:04.223+03:00  INFO 91293 --- [rediscache] [           main] .s.d.r.c.RepositoryConfigurationDelegate : Multiple Spring Data modules found, entering strict repository configuration mode
2025-06-08T15:31:04.224+03:00  INFO 91293 --- [rediscache] [           main] .s.d.r.c.RepositoryConfigurationDelegate : Bootstrapping Spring Data Redis repositories in DEFAULT mode.
2025-06-08T15:31:04.229+03:00  INFO 91293 --- [rediscache] [           main] .RepositoryConfigurationExtensionSupport : Spring Data Redis - Could not safely identify store assignment for repository candidate interface com.sso.rediscache.repository.UserRepository; If you want this repository to be a Redis repository, consider annotating your entities with one of these annotations: org.springframework.data.redis.core.RedisHash (preferred), or consider extending one of the following types with your repository: org.springframework.data.keyvalue.repository.KeyValueRepository
2025-06-08T15:31:04.229+03:00  INFO 91293 --- [rediscache] [           main] .s.d.r.c.RepositoryConfigurationDelegate : Finished Spring Data repository scanning in 2 ms. Found 0 Redis repository interfaces.
2025-06-08T15:31:04.474+03:00  INFO 91293 --- [rediscache] [           main] o.hibernate.jpa.internal.util.LogHelper  : HHH000204: Processing PersistenceUnitInfo [name: default]
2025-06-08T15:31:04.493+03:00  INFO 91293 --- [rediscache] [           main] org.hibernate.Version                    : HHH000412: Hibernate ORM core version 6.6.15.Final
2025-06-08T15:31:04.505+03:00  INFO 91293 --- [rediscache] [           main] o.h.c.internal.RegionFactoryInitiator    : HHH000026: Second-level cache disabled
2025-06-08T15:31:04.593+03:00  INFO 91293 --- [rediscache] [           main] o.s.o.j.p.SpringPersistenceUnitInfo      : No LoadTimeWeaver setup: ignoring JPA class transformer
2025-06-08T15:31:04.601+03:00  INFO 91293 --- [rediscache] [           main] com.zaxxer.hikari.HikariDataSource       : HikariPool-1 - Starting...
2025-06-08T15:31:04.680+03:00  INFO 91293 --- [rediscache] [           main] com.zaxxer.hikari.pool.HikariPool        : HikariPool-1 - Added connection org.postgresql.jdbc.PgConnection@77e730bd
2025-06-08T15:31:04.680+03:00  INFO 91293 --- [rediscache] [           main] com.zaxxer.hikari.HikariDataSource       : HikariPool-1 - Start completed.
2025-06-08T15:31:04.707+03:00  INFO 91293 --- [rediscache] [           main] org.hibernate.orm.connections.pooling    : HHH10001005: Database info:
	Database JDBC URL [Connecting through datasource 'HikariDataSource (HikariPool-1)']
	Database driver: undefined/unknown
	Database version: 15.13
	Autocommit mode: undefined/unknown
	Isolation level: undefined/unknown
	Minimum pool size: undefined/unknown
	Maximum pool size: undefined/unknown
2025-06-08T15:31:04.964+03:00  INFO 91293 --- [rediscache] [           main] o.h.e.t.j.p.i.JtaPlatformInitiator       : HHH000489: No JTA platform available (set 'hibernate.transaction.jta.platform' to enable JTA platform integration)
2025-06-08T15:31:04.989+03:00  INFO 91293 --- [rediscache] [           main] j.LocalContainerEntityManagerFactoryBean : Initialized JPA EntityManagerFactory for persistence unit 'default'
2025-06-08T15:31:05.157+03:00  WARN 91293 --- [rediscache] [           main] JpaBaseConfiguration$JpaWebConfiguration : spring.jpa.open-in-view is enabled by default. Therefore, database queries may be performed during view rendering. Explicitly configure spring.jpa.open-in-view to disable this warning
2025-06-08T15:31:05.307+03:00  INFO 91293 --- [rediscache] [           main] c.s.r.RedisCacheApplicationTests         : Started RedisCacheApplicationTests in 1.462 seconds (process running for 1.768)
]]></system-out>
    <system-err><![CDATA[Mockito is currently self-attaching to enable the inline-mock-maker. This will no longer work in future releases of the JDK. Please add Mockito as an agent to your build as described in Mockito's documentation: https://javadoc.io/doc/org.mockito/mockito-core/latest/org.mockito/org/mockito/Mockito.html#0.3
WARNING: A Java agent has been loaded dynamically (/Users/selcuk.ozdemir/.m2/repository/net/bytebuddy/byte-buddy-agent/1.17.5/byte-buddy-agent-1.17.5.jar)
WARNING: If a serviceability tool is in use, please run with -XX:+EnableDynamicAgentLoading to hide this warning
WARNING: If a serviceability tool is not in use, please run with -Djdk.instrument.traceUsage for more information
WARNING: Dynamic loading of agents will be disallowed by default in a future release
]]></system-err>
  </testcase>
</testsuite>